<?xml version="1.0" encoding="UTF-8"?>
<!-- Generated by org.testng.reporters.JUnitXMLReporter -->
<testsuite hostname="LAPTOP-O8D1T5RF" ignored="0" name="Default test" tests="3" failures="0" timestamp="17 Mar 2020 16:07:32 GMT" time="47.229" errors="0">
  <testcase name="checkRegistrationPageTitleTest" time="2.512" classname="com.jbk.Eproc.TestCases.RegistrationPageTest"/>
  <testcase name="checkRegistrationPageHeaderTest" time="1.24" classname="com.jbk.Eproc.TestCases.RegistrationPageTest"/>
  <testcase name="registerPageTest" time="2.933" classname="com.jbk.Eproc.TestCases.RegistrationPageTest"/>
</testsuite> <!-- Default test -->
