<?xml version="1.0" encoding="UTF-8"?>
<!-- Generated by org.testng.reporters.JUnitXMLReporter -->
<testsuite hostname="LAPTOP-O8D1T5RF" ignored="6" name="Test" tests="7" failures="1" timestamp="18 Mar 2020 09:56:26 GMT" time="314.023" errors="0">
  <testcase name="m1" time="0.028" classname="com.jbk.Eproc.TestCases.A"/>
  <testcase name="loginPageLogoTest" time="10.725" classname="com.jbk.Eproc.TestCases.LoginPageTest"/>
  <testcase name="loginPageTitleTest" time="36.187" classname="com.jbk.Eproc.TestCases.LoginPageTest">
    <failure type="java.lang.AssertionError" message="expected [true] but found [false]">
      <![CDATA[java.lang.AssertionError: expected [true] but found [false]
at com.jbk.Eproc.TestCases.LoginPageTest.loginPageTitleTest(LoginPageTest.java:23)
... Removed 29 stack frames]]>
    </failure>
  </testcase> <!-- loginPageTitleTest -->
  <testcase name="loginTest" time="90.466" classname="com.jbk.Eproc.TestCases.LoginPageTest"/>
  <testcase name="checkRegistrationPageHeaderTest" time="2.355" classname="com.jbk.Eproc.TestCases.RegistrationPageTest"/>
  <testcase name="checkRegistrationPageTitleTest" time="2.44" classname="com.jbk.Eproc.TestCases.RegistrationPageTest"/>
  <testcase name="registerPageTest" time="2.967" classname="com.jbk.Eproc.TestCases.RegistrationPageTest"/>
  <testcase name="@BeforeSuite initialiseExtentReport" time="0.0" classname="com.jbk.Eproc.TestBase.TestBase">
    <ignored/>
  </testcase> <!-- @BeforeSuite initialiseExtentReport -->
  <testcase name="@BeforeSuite initialiseExtentReport" time="0.0" classname="com.jbk.Eproc.TestBase.TestBase">
    <ignored/>
  </testcase> <!-- @BeforeSuite initialiseExtentReport -->
  <testcase name="@BeforeSuite loadProperties" time="0.0" classname="com.jbk.Eproc.Base.Base">
    <ignored/>
  </testcase> <!-- @BeforeSuite loadProperties -->
  <testcase name="@BeforeSuite loadProperties" time="0.0" classname="com.jbk.Eproc.Base.Base">
    <ignored/>
  </testcase> <!-- @BeforeSuite loadProperties -->
  <testcase name="@AfterSuite endReport" time="0.0" classname="com.jbk.Eproc.TestBase.TestBase">
    <ignored/>
  </testcase> <!-- @AfterSuite endReport -->
  <testcase name="@AfterSuite endReport" time="0.0" classname="com.jbk.Eproc.TestBase.TestBase">
    <ignored/>
  </testcase> <!-- @AfterSuite endReport -->
</testsuite> <!-- Test -->
