<?xml version="1.0" encoding="UTF-8"?>
<testng-results skipped="0" failed="1" ignored="6" total="13" passed="6">
  <reporter-output>
  </reporter-output>
  <suite name="Suite" duration-ms="314023" started-at="2020-03-18T09:51:08Z" finished-at="2020-03-18T09:56:22Z">
    <groups>
    </groups>
    <test name="Test" duration-ms="314023" started-at="2020-03-18T09:51:08Z" finished-at="2020-03-18T09:56:22Z">
      <class name="com.jbk.Eproc.TestCases.RegistrationPageTest">
        <test-method status="PASS" signature="parentSetup()[pri:0, instance:com.jbk.Eproc.TestCases.RegistrationPageTest@7cbd213e]" name="parentSetup" is-config="true" duration-ms="2" started-at="2020-03-18T09:55:17Z" finished-at="2020-03-18T09:55:17Z">
          <reporter-output>
          </reporter-output>
        </test-method> <!-- parentSetup -->
        <test-method status="PASS" signature="openBrowser(java.lang.reflect.Method)[pri:0, instance:com.jbk.Eproc.TestCases.RegistrationPageTest@7cbd213e]" name="openBrowser" is-config="true" duration-ms="16072" started-at="2020-03-18T09:55:17Z" finished-at="2020-03-18T09:55:33Z">
          <params>
            <param index="0">
              <value>
                <![CDATA[public void com.jbk.Eproc.TestCases.RegistrationPageTest.checkRegistrationPageHeaderTest()]]>
              </value>
            </param>
          </params>
          <reporter-output>
          </reporter-output>
        </test-method> <!-- openBrowser -->
        <test-method status="PASS" signature="checkRegistrationPageHeaderTest()[pri:0, instance:com.jbk.Eproc.TestCases.RegistrationPageTest@7cbd213e]" name="checkRegistrationPageHeaderTest" duration-ms="2355" started-at="2020-03-18T09:55:33Z" finished-at="2020-03-18T09:55:35Z">
          <reporter-output>
          </reporter-output>
        </test-method> <!-- checkRegistrationPageHeaderTest -->
        <test-method status="PASS" signature="closeBrowser()[pri:0, instance:com.jbk.Eproc.TestCases.RegistrationPageTest@7cbd213e]" name="closeBrowser" is-config="true" duration-ms="815" started-at="2020-03-18T09:55:35Z" finished-at="2020-03-18T09:55:36Z">
          <reporter-output>
          </reporter-output>
        </test-method> <!-- closeBrowser -->
        <test-method status="PASS" signature="openBrowser(java.lang.reflect.Method)[pri:0, instance:com.jbk.Eproc.TestCases.RegistrationPageTest@7cbd213e]" name="openBrowser" is-config="true" duration-ms="18190" started-at="2020-03-18T09:55:36Z" finished-at="2020-03-18T09:55:54Z">
          <params>
            <param index="0">
              <value>
                <![CDATA[public void com.jbk.Eproc.TestCases.RegistrationPageTest.checkRegistrationPageTitleTest()]]>
              </value>
            </param>
          </params>
          <reporter-output>
          </reporter-output>
        </test-method> <!-- openBrowser -->
        <test-method status="PASS" signature="checkRegistrationPageTitleTest()[pri:0, instance:com.jbk.Eproc.TestCases.RegistrationPageTest@7cbd213e]" name="checkRegistrationPageTitleTest" duration-ms="2440" started-at="2020-03-18T09:55:54Z" finished-at="2020-03-18T09:55:56Z">
          <reporter-output>
          </reporter-output>
        </test-method> <!-- checkRegistrationPageTitleTest -->
        <test-method status="PASS" signature="closeBrowser()[pri:0, instance:com.jbk.Eproc.TestCases.RegistrationPageTest@7cbd213e]" name="closeBrowser" is-config="true" duration-ms="5579" started-at="2020-03-18T09:55:56Z" finished-at="2020-03-18T09:56:02Z">
          <reporter-output>
          </reporter-output>
        </test-method> <!-- closeBrowser -->
        <test-method status="PASS" signature="openBrowser(java.lang.reflect.Method)[pri:0, instance:com.jbk.Eproc.TestCases.RegistrationPageTest@7cbd213e]" name="openBrowser" is-config="true" duration-ms="15884" started-at="2020-03-18T09:56:02Z" finished-at="2020-03-18T09:56:18Z">
          <params>
            <param index="0">
              <value>
                <![CDATA[public void com.jbk.Eproc.TestCases.RegistrationPageTest.registerPageTest()]]>
              </value>
            </param>
          </params>
          <reporter-output>
          </reporter-output>
        </test-method> <!-- openBrowser -->
        <test-method status="PASS" signature="registerPageTest()[pri:0, instance:com.jbk.Eproc.TestCases.RegistrationPageTest@7cbd213e]" name="registerPageTest" duration-ms="2967" started-at="2020-03-18T09:56:18Z" finished-at="2020-03-18T09:56:21Z">
          <reporter-output>
          </reporter-output>
        </test-method> <!-- registerPageTest -->
        <test-method status="PASS" signature="closeBrowser()[pri:0, instance:com.jbk.Eproc.TestCases.RegistrationPageTest@7cbd213e]" name="closeBrowser" is-config="true" duration-ms="1530" started-at="2020-03-18T09:56:21Z" finished-at="2020-03-18T09:56:22Z">
          <reporter-output>
          </reporter-output>
        </test-method> <!-- closeBrowser -->
      </class> <!-- com.jbk.Eproc.TestCases.RegistrationPageTest -->
      <class name="com.jbk.Eproc.TestCases.A">
        <test-method status="PASS" signature="loadProperties()[pri:0, instance:com.jbk.Eproc.TestCases.A@b7dd107]" name="loadProperties" is-config="true" duration-ms="563" started-at="2020-03-18T09:51:07Z" finished-at="2020-03-18T09:51:08Z">
          <reporter-output>
          </reporter-output>
        </test-method> <!-- loadProperties -->
        <test-method status="PASS" signature="initialiseExtentReport()[pri:0, instance:com.jbk.Eproc.TestCases.A@b7dd107]" name="initialiseExtentReport" is-config="true" duration-ms="517" started-at="2020-03-18T09:51:08Z" depends-on-methods="com.jbk.Eproc.Base.Base.loadProperties" finished-at="2020-03-18T09:51:08Z">
          <reporter-output>
          </reporter-output>
        </test-method> <!-- initialiseExtentReport -->
        <test-method status="PASS" signature="parentSetup()[pri:0, instance:com.jbk.Eproc.TestCases.A@b7dd107]" name="parentSetup" is-config="true" duration-ms="8" started-at="2020-03-18T09:51:08Z" finished-at="2020-03-18T09:51:08Z">
          <reporter-output>
          </reporter-output>
        </test-method> <!-- parentSetup -->
        <test-method status="PASS" signature="openBrowser(java.lang.reflect.Method)[pri:0, instance:com.jbk.Eproc.TestCases.A@b7dd107]" name="openBrowser" is-config="true" duration-ms="22203" started-at="2020-03-18T09:51:08Z" finished-at="2020-03-18T09:51:31Z">
          <params>
            <param index="0">
              <value>
                <![CDATA[public void com.jbk.Eproc.TestCases.A.m1()]]>
              </value>
            </param>
          </params>
          <reporter-output>
          </reporter-output>
        </test-method> <!-- openBrowser -->
        <test-method status="PASS" signature="m1()[pri:0, instance:com.jbk.Eproc.TestCases.A@b7dd107]" name="m1" duration-ms="28" started-at="2020-03-18T09:51:31Z" finished-at="2020-03-18T09:51:31Z">
          <reporter-output>
          </reporter-output>
        </test-method> <!-- m1 -->
        <test-method status="PASS" signature="closeBrowser()[pri:0, instance:com.jbk.Eproc.TestCases.A@b7dd107]" name="closeBrowser" is-config="true" duration-ms="1159" started-at="2020-03-18T09:51:31Z" finished-at="2020-03-18T09:51:32Z">
          <reporter-output>
          </reporter-output>
        </test-method> <!-- closeBrowser -->
        <test-method status="PASS" signature="endReport()[pri:0, instance:com.jbk.Eproc.TestCases.A@b7dd107]" name="endReport" is-config="true" duration-ms="4742" started-at="2020-03-18T09:56:27Z" finished-at="2020-03-18T09:56:32Z">
          <reporter-output>
          </reporter-output>
        </test-method> <!-- endReport -->
      </class> <!-- com.jbk.Eproc.TestCases.A -->
      <class name="com.jbk.Eproc.TestCases.LoginPageTest">
        <test-method status="PASS" signature="parentSetup()[pri:0, instance:com.jbk.Eproc.TestCases.LoginPageTest@52f759d7]" name="parentSetup" is-config="true" duration-ms="0" started-at="2020-03-18T09:51:32Z" finished-at="2020-03-18T09:51:32Z">
          <reporter-output>
          </reporter-output>
        </test-method> <!-- parentSetup -->
        <test-method status="PASS" signature="openBrowser(java.lang.reflect.Method)[pri:0, instance:com.jbk.Eproc.TestCases.LoginPageTest@52f759d7]" name="openBrowser" is-config="true" duration-ms="16048" started-at="2020-03-18T09:51:32Z" finished-at="2020-03-18T09:51:48Z">
          <params>
            <param index="0">
              <value>
                <![CDATA[public void com.jbk.Eproc.TestCases.LoginPageTest.loginPageLogoTest()]]>
              </value>
            </param>
          </params>
          <reporter-output>
          </reporter-output>
        </test-method> <!-- openBrowser -->
        <test-method status="PASS" signature="loginPageLogoTest()[pri:0, instance:com.jbk.Eproc.TestCases.LoginPageTest@52f759d7]" name="loginPageLogoTest" duration-ms="10725" started-at="2020-03-18T09:51:48Z" finished-at="2020-03-18T09:51:59Z">
          <reporter-output>
          </reporter-output>
        </test-method> <!-- loginPageLogoTest -->
        <test-method status="PASS" signature="closeBrowser()[pri:0, instance:com.jbk.Eproc.TestCases.LoginPageTest@52f759d7]" name="closeBrowser" is-config="true" duration-ms="924" started-at="2020-03-18T09:51:59Z" finished-at="2020-03-18T09:51:59Z">
          <reporter-output>
          </reporter-output>
        </test-method> <!-- closeBrowser -->
        <test-method status="PASS" signature="openBrowser(java.lang.reflect.Method)[pri:0, instance:com.jbk.Eproc.TestCases.LoginPageTest@52f759d7]" name="openBrowser" is-config="true" duration-ms="16947" started-at="2020-03-18T09:51:59Z" finished-at="2020-03-18T09:52:16Z">
          <params>
            <param index="0">
              <value>
                <![CDATA[public void com.jbk.Eproc.TestCases.LoginPageTest.loginPageTitleTest()]]>
              </value>
            </param>
          </params>
          <reporter-output>
          </reporter-output>
        </test-method> <!-- openBrowser -->
        <test-method status="FAIL" signature="loginPageTitleTest()[pri:0, instance:com.jbk.Eproc.TestCases.LoginPageTest@52f759d7]" name="loginPageTitleTest" duration-ms="36187" started-at="2020-03-18T09:52:16Z" finished-at="2020-03-18T09:52:53Z">
          <exception class="java.lang.AssertionError">
            <message>
              <![CDATA[expected [true] but found [false]]]>
            </message>
            <full-stacktrace>
              <![CDATA[java.lang.AssertionError: expected [true] but found [false]
at org.testng.Assert.fail(Assert.java:96)
at org.testng.Assert.failNotEquals(Assert.java:776)
at org.testng.Assert.assertTrue(Assert.java:44)
at org.testng.Assert.assertTrue(Assert.java:54)
at com.jbk.Eproc.TestCases.LoginPageTest.loginPageTitleTest(LoginPageTest.java:23)
at sun.reflect.NativeMethodAccessorImpl.invoke0(Native Method)
at sun.reflect.NativeMethodAccessorImpl.invoke(NativeMethodAccessorImpl.java:62)
at sun.reflect.DelegatingMethodAccessorImpl.invoke(DelegatingMethodAccessorImpl.java:43)
at java.lang.reflect.Method.invoke(Method.java:498)
at org.testng.internal.MethodInvocationHelper.invokeMethod(MethodInvocationHelper.java:124)
at org.testng.internal.Invoker.invokeMethod(Invoker.java:583)
at org.testng.internal.Invoker.invokeTestMethod(Invoker.java:719)
at org.testng.internal.Invoker.invokeTestMethods(Invoker.java:989)
at org.testng.internal.TestMethodWorker.invokeTestMethods(TestMethodWorker.java:125)
at org.testng.internal.TestMethodWorker.run(TestMethodWorker.java:109)
at org.testng.TestRunner.privateRun(TestRunner.java:648)
at org.testng.TestRunner.run(TestRunner.java:505)
at org.testng.SuiteRunner.runTest(SuiteRunner.java:455)
at org.testng.SuiteRunner.runSequentially(SuiteRunner.java:450)
at org.testng.SuiteRunner.privateRun(SuiteRunner.java:415)
at org.testng.SuiteRunner.run(SuiteRunner.java:364)
at org.testng.SuiteRunnerWorker.runSuite(SuiteRunnerWorker.java:52)
at org.testng.SuiteRunnerWorker.run(SuiteRunnerWorker.java:84)
at org.testng.TestNG.runSuitesSequentially(TestNG.java:1208)
at org.testng.TestNG.runSuitesLocally(TestNG.java:1137)
at org.testng.TestNG.runSuites(TestNG.java:1049)
at org.testng.TestNG.run(TestNG.java:1017)
at org.testng.remote.AbstractRemoteTestNG.run(AbstractRemoteTestNG.java:132)
at org.testng.remote.RemoteTestNG.initAndRun(RemoteTestNG.java:236)
at org.testng.remote.RemoteTestNG.main(RemoteTestNG.java:81)
]]>
            </full-stacktrace>
          </exception> <!-- java.lang.AssertionError -->
          <reporter-output>
          </reporter-output>
        </test-method> <!-- loginPageTitleTest -->
        <test-method status="PASS" signature="closeBrowser()[pri:0, instance:com.jbk.Eproc.TestCases.LoginPageTest@52f759d7]" name="closeBrowser" is-config="true" duration-ms="10370" started-at="2020-03-18T09:52:53Z" finished-at="2020-03-18T09:53:03Z">
          <reporter-output>
          </reporter-output>
        </test-method> <!-- closeBrowser -->
        <test-method status="PASS" signature="openBrowser(java.lang.reflect.Method)[pri:0, instance:com.jbk.Eproc.TestCases.LoginPageTest@52f759d7]" name="openBrowser" is-config="true" duration-ms="37908" started-at="2020-03-18T09:53:03Z" finished-at="2020-03-18T09:53:41Z">
          <params>
            <param index="0">
              <value>
                <![CDATA[public void com.jbk.Eproc.TestCases.LoginPageTest.loginTest()]]>
              </value>
            </param>
          </params>
          <reporter-output>
          </reporter-output>
        </test-method> <!-- openBrowser -->
        <test-method status="PASS" signature="loginTest()[pri:0, instance:com.jbk.Eproc.TestCases.LoginPageTest@52f759d7]" name="loginTest" duration-ms="90466" started-at="2020-03-18T09:53:41Z" finished-at="2020-03-18T09:55:12Z">
          <reporter-output>
          </reporter-output>
        </test-method> <!-- loginTest -->
        <test-method status="PASS" signature="closeBrowser()[pri:0, instance:com.jbk.Eproc.TestCases.LoginPageTest@52f759d7]" name="closeBrowser" is-config="true" duration-ms="4994" started-at="2020-03-18T09:55:12Z" finished-at="2020-03-18T09:55:17Z">
          <reporter-output>
          </reporter-output>
        </test-method> <!-- closeBrowser -->
      </class> <!-- com.jbk.Eproc.TestCases.LoginPageTest -->
    </test> <!-- Test -->
  </suite> <!-- Suite -->
</testng-results>
